<?xml version="1.0" encoding="UTF-8"?>
<!-- Generated by org.testng.reporters.JUnitReportReporter -->
<testsuite hostname="USPL-220" failures="0" tests="6" name="ExcelDataProvider.dataprovider" time="0.012" errors="0" timestamp="2024-02-14T15:12:50 IST" skipped="0">
  <testcase classname="ExcelDataProvider.dataprovider" name="testCaseData" time="0.001"/>
  <testcase classname="ExcelDataProvider.dataprovider" name="testCaseData" time="0.007"/>
  <testcase classname="ExcelDataProvider.dataprovider" name="testCaseData" time="0.001"/>
  <testcase classname="ExcelDataProvider.dataprovider" name="testCaseData" time="0.001"/>
  <testcase classname="ExcelDataProvider.dataprovider" name="testCaseData" time="0.001"/>
  <testcase classname="ExcelDataProvider.dataprovider" name="testCaseData" time="0.001"/>
</testsuite> <!-- ExcelDataProvider.dataprovider -->
