<?xml version="1.0" encoding="UTF-8"?>
<!-- Generated by org.testng.reporters.JUnitReportReporter -->
<testsuite hostname="USPL-220" failures="0" tests="6" name="ExcelDataProvider.dataprovider" time="0.025" errors="0" timestamp="2024-01-24T18:16:04 IST" skipped="0">
  <testcase classname="ExcelDataProvider.dataprovider" name="testCaseData" time="0.002"/>
  <testcase classname="ExcelDataProvider.dataprovider" name="testCaseData" time="0.013"/>
  <testcase classname="ExcelDataProvider.dataprovider" name="testCaseData" time="0.004"/>
  <testcase classname="ExcelDataProvider.dataprovider" name="testCaseData" time="0.002"/>
  <testcase classname="ExcelDataProvider.dataprovider" name="testCaseData" time="0.002"/>
  <testcase classname="ExcelDataProvider.dataprovider" name="testCaseData" time="0.002"/>
</testsuite> <!-- ExcelDataProvider.dataprovider -->
